10/13/2015 04:24:49:INFO:Begin Getting Firmware Dictionary
10/13/2015 04:24:49:INFO:End Getting Firmware Dictionary
10/13/2015 04:24:49:INFO:Begin Getting Storage Firmware Inventory
10/13/2015 04:25:01:INFO:End Getting Storage Firmware Inventory
10/13/2015 04:25:01:INFO:Begin Getting NIC Firmware Inventory
10/13/2015 04:25:01:INFO:End Getting NIC Firmware Inventory
10/13/2015 04:25:01:INFO:Begin Getting Compute Node Common Firmware Inventory
10/13/2015 04:25:02:INFO:End Getting Compute Node Common Firmware Inventory
10/13/2015 04:25:02:INFO:Begin Getting Driver Inventory
10/13/2015 04:25:02:INFO:End Getting Driver Inventory
10/13/2015 04:25:02:INFO:Begin Getting Software Inventory
10/13/2015 04:25:02:INFO:End Getting Software Inventory
10/13/2015 04:25:02:INFO:Begin Getting Package List
10/13/2015 04:25:02:INFO:End Getting Package List
10/13/2015 04:25:02:INFO:Begin Updating software.
10/13/2015 04:25:57:INFO:End Updating software.
10/13/2015 04:26:02:INFO:Begin Getting Package List
10/13/2015 04:26:02:INFO:End Getting Package List
10/13/2015 04:26:02:INFO:Begin Updating drivers.
10/13/2015 04:26:12:INFO:End Updating drivers.
10/13/2015 04:26:17:INFO:Begin Getting Package List
10/13/2015 04:26:17:INFO:End Getting Package List
10/13/2015 04:26:17:INFO:Begin Updating firmware.
10/13/2015 04:27:49:ERROR:stdout = Supplemental Update / Online ROM Flash Component for Linux (x64) - EG0300FBVFL, EG0450FBVFM, EG0600FBVFP, and EG0900FBVFQ Drives (HPDC), searching...
The following 1 device(s) will not be updated
 * Drive 1I:1:1 (Smart Array P410i in Slot 0)
Reason:
Requires device and all attached and associated devices to have "OK" status

============ Summary ============
Smart Component Finished

Summary Messages
================
Smart Component opted to not flash 1 device
See log at /var/cpq/Component.log for details

Exit Status: 3
Update not attempted. All selected devices are either up-to-date or have newer versions installed.

10/13/2015 04:44:50:INFO:End Updating firmware.
10/13/2015 04:44:50:INFO:+------------------------------------------------------------------------------+
10/13/2015 04:44:50:INFO:| System Update Date: 13, Oct 2015                                             |
10/13/2015 04:44:50:INFO:+------------------------------------------------------------------------------+
10/13/2015 04:44:50:INFO:|                    System update for r2-enc1b2 (BL680cG7)                    |
10/13/2015 04:44:50:INFO:+------------------------------------------------------------------------------+
10/13/2015 04:44:50:INFO:|              The following components were successfully updated              |
10/13/2015 04:44:50:INFO:+------------------------------------------------------------------------------+
10/13/2015 04:44:50:INFO:| Software                 | Drivers                  | Firmware               |
10/13/2015 04:44:50:INFO:+------------------------------------------------------------------------------+
10/13/2015 04:44:50:INFO:| hponcfg                  | be2net                   | P410i                  |
10/13/2015 04:44:50:INFO:| hpdiags                  |                          | NC553i                 |
10/13/2015 04:44:50:INFO:| hpsmh                    |                          | iLO                    |
10/13/2015 04:44:50:INFO:| hp-health                |                          |                        |
10/13/2015 04:44:50:INFO:| hpssa                    |                          |                        |
10/13/2015 04:44:50:INFO:| HP-HANA-Bundle-Release   |                          |                        |
10/13/2015 04:44:50:INFO:| hp-smh-templates         |                          |                        |
10/13/2015 04:44:50:INFO:| hpssacli                 |                          |                        |
10/13/2015 04:44:50:INFO:| hp-snmp-agents           |                          |                        |
10/13/2015 04:44:50:INFO:+------------------------------------------------------------------------------+
10/13/2015 04:44:50:INFO:|             The following components were unsuccessfully updated             |
10/13/2015 04:44:50:INFO:+------------------------------------------------------------------------------+
10/13/2015 04:44:50:INFO:| Software                 | Drivers                  | Firmware               |
10/13/2015 04:44:50:INFO:+------------------------------------------------------------------------------+
10/13/2015 04:44:50:INFO:|                          |                          | EG0300FBVFL            |
10/13/2015 04:44:50:INFO:+------------------------------------------------------------------------------+
